
Copyright (C) 1994-2018 Synopsys, Inc.
This Synopsys software and all associated documentation are proprietary to Synopsys, Inc.
and may only be used pursuant to the terms and conditions of a written license agreement
with Synopsys, Inc. All other use, reproduction, modification, or distribution of the
Synopsys software or the associated documentation is strictly prohibited.
Tool: Synplify Pro (R)
Build: N-2018.03M-SP1-1
Install: C:\Microsemi\Libero_SoC_v12.1\SynplifyPro
OS: Windows 6.2

Hostname: DESKTOP-433C5TG

Implementation : synthesis

# Written on Sun Sep 15 12:39:28 2019

##### DESIGN INFO #######################################################

Top View:                "rs232_sender"
Constraint File(s):      "W:\projects\security-contest\libero\contest\designer\rs232_sender\synthesis.fdc"




##### SUMMARY ############################################################

Found 0 issues in 0 out of 0 constraints


##### DETAILS ############################################################



Clock Relationships
*******************

Starting               Ending                 |     rise to rise     |     fall to fall     |     rise to fall     |     fall to rise                     
---------------------------------------------------------------------------------------------------------------------------------------------------------
rs232_sender|clk_i     rs232_sender|clk_i     |     10.000           |     No paths         |     No paths         |     No paths                         
=========================================================================================================================================================
 Note: 'No paths' indicates there are no paths in the design for that pair of clock edges.
       'Diff grp' indicates that paths exist but the starting clock and ending clock are in different clock groups.


Unconstrained Start/End Points
******************************

p:busy
p:dat_i[0]
p:dat_i[1]
p:dat_i[2]
p:dat_i[3]
p:dat_i[4]
p:dat_i[5]
p:dat_i[6]
p:dat_i[7]
p:rst_i
p:stb_i
p:tx


Inapplicable constraints
************************

(none)


Applicable constraints with issues
**********************************

(none)


Constraints with matching wildcard expressions
**********************************************

(none)


Library Report
**************


# End of Constraint Checker Report
