Software Version: 12.600.0.14
Embedded FlashPro5 programmer detected.
programmer 'E20047SM45' : FlashPro5
Opened 'W:\projects\security-contest\libero\contest\designer\top\top_fp\top.pro'
The 'open_project' command succeeded.
Warning: Programming is already enabled for device 'M2GL025'.
The 'enable_device' command succeeded.
PPD file 'W:/projects/security-contest/libero/contest/designer/top/top.ppd' has been loaded successfully.
DESIGN : top;  CHECKSUM : D092;  PDB_VERSION : 1.0
The 'set_programming_file' command succeeded.
The 'set_programming_action' command succeeded.
programmer 'E20047SM45' : Scan Chain...
programmer 'E20047SM45' : Check Chain...
programmer 'E20047SM45' : Scan and Check Chain PASSED.
programmer 'E20047SM45' : device 'M2GL025' : Executing action PROGRAM
programmer 'E20047SM45' : device 'M2GL025' : Family: Igloo2
programmer 'E20047SM45' : device 'M2GL025' : Product:      M2GL005
programmer 'E20047SM45' : device 'M2GL025' : EXPORT ISC_ENABLE_RESULT[32] = 007c6a44
programmer 'E20047SM45' : device 'M2GL025' : EXPORT CRCERR[1] = 0
programmer 'E20047SM45' : device 'M2GL025' : EXPORT EDCERR[1] = 0
programmer 'E20047SM45' : device 'M2GL025' : Programming FPGA Array...
programmer 'E20047SM45' : device 'M2GL025' : EXPORT Fabric component digest[256] = db23198a55efa5a864087a829440b59ac0e6d5b672f422a1698788a78a3b3274
programmer 'E20047SM45' : device 'M2GL025' : ===================================================================================
programmer 'E20047SM45' : device 'M2GL025' : EXPORT DSN[128] = eb442a7cfe5b8a2d236e86408446443d
programmer 'E20047SM45' : device 'M2GL025' : ===================================================================================
programmer 'E20047SM45' : device 'M2GL025' : Finished: Sun Sep 15 17:59:09 2019 (Elapsed time 00:00:36)
programmer 'E20047SM45' : device 'M2GL025' : Executing action PROGRAM PASSED.
programmer 'E20047SM45' : Chain programming PASSED.
Chain Programming Finished: Sun Sep 15 17:59:09 2019 (Elapsed time 00:00:36)

                        o - o - o - o - o - o

The 'run_selected_actions' command succeeded.
The 'set_programming_file' command succeeded.
Project saved.
The 'save_project' command succeeded.
Project closed.
Exported log file W:\projects\security-contest\libero\contest\designer\top\top_fp\top.log.
The 'close_project' command succeeded.
The Execute Script command succeeded.
