Resource Usage Report for rs232_sender 

Mapping to part: m2gl025vf256std
Cell usage:
CLKINT          1 use
CFG1           1 use
CFG2           8 uses
CFG3           18 uses
CFG4           15 uses

Carry cells:
ARI1            7 uses - used for arithmetic functions


Sequential Cells: 
SLE            22 uses

DSP Blocks:    0 of 34 (0%)

I/O ports: 13
I/O primitives: 13
INBUF          11 uses
OUTBUF         2 uses


Global Clock Buffers: 1

Total LUTs:    49

Extra resources required for RAM and MACC interface logic during P&R:

RAM64x18 Interface Logic : SLEs = 0; LUTs = 0;
RAM1K18  Interface Logic : SLEs = 0; LUTs = 0;
MACC     Interface Logic : SLEs = 0; LUTs = 0;

Total number of SLEs after P&R:  22 + 0 + 0 + 0 = 22;
Total number of LUTs after P&R:  49 + 0 + 0 + 0 = 49;

